# JRE version: Java(TM) SE Runtime Environment (8.0_251-b08) (build 1.8.0_251-b08)
# Java VM: Java HotSpot(TM) 64-Bit Server VM (25.251-b08 mixed mode windows-amd64 compressed oops)
Heap:
 PSYoungGen      total 222208K, used 196189K [0x000000076b900000, 0x000000077b000000, 0x00000007c0000000)
  eden space 207872K, 94% used [0x000000076b900000,0x00000007778974c8,0x0000000778400000)
  from space 14336K, 0% used [0x0000000779400000,0x0000000779400000,0x000000077a200000)
  to   space 16384K, 0% used [0x0000000778400000,0x0000000778400000,0x0000000779400000)
 ParOldGen       total 118272K, used 18970K [0x00000006c2a00000, 0x00000006c9d80000, 0x000000076b900000)
  object space 118272K, 16% used [0x00000006c2a00000,0x00000006c3c86a38,0x00000006c9d80000)
 Metaspace       used 43336K, capacity 46096K, committed 46296K, reserved 1089536K
  class space    used 5742K, capacity 6248K, committed 6360K, reserved 1048576K
GC Heap History (10 events):
Event: 1.070 GC heap before
{Heap before GC invocations=4 (full 1):
 PSYoungGen      total 75776K, used 6168K [0x000000076b900000, 0x0000000774d00000, 0x00000007c0000000)
  eden space 65024K, 0% used [0x000000076b900000,0x000000076b900000,0x000000076f880000)
  from space 10752K, 57% used [0x000000076f880000,0x000000076fe86030,0x0000000770300000)
  to   space 10752K, 0% used [0x0000000774280000,0x0000000774280000,0x0000000774d00000)
 ParOldGen       total 173568K, used 137K [0x00000006c2a00000, 0x00000006cd380000, 0x000000076b900000)
  object space 173568K, 0% used [0x00000006c2a00000,0x00000006c2a22450,0x00000006cd380000)
 Metaspace       used 20328K, capacity 21204K, committed 21248K, reserved 1067008K
  class space    used 2603K, capacity 2798K, committed 2816K, reserved 1048576K
Event: 1.088 GC heap after
Heap after GC invocations=4 (full 1):
 PSYoungGen      total 75776K, used 0K [0x000000076b900000, 0x0000000774d00000, 0x00000007c0000000)
  eden space 65024K, 0% used [0x000000076b900000,0x000000076b900000,0x000000076f880000)
  from space 10752K, 0% used [0x000000076f880000,0x000000076f880000,0x0000000770300000)
  to   space 10752K, 0% used [0x0000000774280000,0x0000000774280000,0x0000000774d00000)
 ParOldGen       total 81408K, used 5958K [0x00000006c2a00000, 0x00000006c7980000, 0x000000076b900000)
  object space 81408K, 7% used [0x00000006c2a00000,0x00000006c2fd1a90,0x00000006c7980000)
 Metaspace       used 20328K, capacity 21204K, committed 21248K, reserved 1067008K
  class space    used 2603K, capacity 2798K, committed 2816K, reserved 1048576K
}
Event: 1.339 GC heap before
{Heap before GC invocations=5 (full 1):
 PSYoungGen      total 75776K, used 65024K [0x000000076b900000, 0x0000000774d00000, 0x00000007c0000000)
  eden space 65024K, 100% used [0x000000076b900000,0x000000076f880000,0x000000076f880000)
  from space 10752K, 0% used [0x000000076f880000,0x000000076f880000,0x0000000770300000)
  to   space 10752K, 0% used [0x0000000774280000,0x0000000774280000,0x0000000774d00000)
 ParOldGen       total 81408K, used 5958K [0x00000006c2a00000, 0x00000006c7980000, 0x000000076b900000)
  object space 81408K, 7% used [0x00000006c2a00000,0x00000006c2fd1a90,0x00000006c7980000)
 Metaspace       used 21992K, capacity 22970K, committed 23040K, reserved 1069056K
  class space    used 2836K, capacity 3055K, committed 3072K, reserved 1048576K
Event: 1.342 GC heap after
Heap after GC invocations=5 (full 1):
 PSYoungGen      total 125952K, used 7332K [0x000000076b900000, 0x0000000774a00000, 0x00000007c0000000)
  eden space 118272K, 0% used [0x000000076b900000,0x000000076b900000,0x0000000772c80000)
  from space 7680K, 95% used [0x0000000774280000,0x00000007749a9008,0x0000000774a00000)
  to   space 10752K, 0% used [0x0000000773500000,0x0000000773500000,0x0000000773f80000)
 ParOldGen       total 81408K, used 5966K [0x00000006c2a00000, 0x00000006c7980000, 0x000000076b900000)
  object space 81408K, 7% used [0x00000006c2a00000,0x00000006c2fd3a90,0x00000006c7980000)
 Metaspace       used 21992K, capacity 22970K, committed 23040K, reserved 1069056K
  class space    used 2836K, capacity 3055K, committed 3072K, reserved 1048576K
}
Event: 1.936 GC heap before
{Heap before GC invocations=6 (full 1):
 PSYoungGen      total 125952K, used 125604K [0x000000076b900000, 0x0000000774a00000, 0x00000007c0000000)
  eden space 118272K, 100% used [0x000000076b900000,0x0000000772c80000,0x0000000772c80000)
  from space 7680K, 95% used [0x0000000774280000,0x00000007749a9008,0x0000000774a00000)
  to   space 10752K, 0% used [0x0000000773500000,0x0000000773500000,0x0000000773f80000)
 ParOldGen       total 81408K, used 5966K [0x00000006c2a00000, 0x00000006c7980000, 0x000000076b900000)
  object space 81408K, 7% used [0x00000006c2a00000,0x00000006c2fd3a90,0x00000006c7980000)
 Metaspace       used 27539K, capacity 28882K, committed 29056K, reserved 1075200K
  class space    used 3623K, capacity 3917K, committed 3968K, reserved 1048576K
Event: 1.942 GC heap after
Heap after GC invocations=6 (full 1):
 PSYoungGen      total 137728K, used 10727K [0x000000076b900000, 0x000000077a200000, 0x00000007c0000000)
  eden space 126976K, 0% used [0x000000076b900000,0x000000076b900000,0x0000000773500000)
  from space 10752K, 99% used [0x0000000773500000,0x0000000773f79fd0,0x0000000773f80000)
  to   space 14336K, 0% used [0x0000000779400000,0x0000000779400000,0x000000077a200000)
 ParOldGen       total 81408K, used 8664K [0x00000006c2a00000, 0x00000006c7980000, 0x000000076b900000)
  object space 81408K, 10% used [0x00000006c2a00000,0x00000006c3276178,0x00000006c7980000)
 Metaspace       used 27539K, capacity 28882K, committed 29056K, reserved 1075200K
  class space    used 3623K, capacity 3917K, committed 3968K, reserved 1048576K
}
Event: 2.481 GC heap before
{Heap before GC invocations=7 (full 1):
 PSYoungGen      total 137728K, used 112236K [0x000000076b900000, 0x000000077a200000, 0x00000007c0000000)
  eden space 126976K, 79% used [0x000000076b900000,0x0000000771c21078,0x0000000773500000)
  from space 10752K, 99% used [0x0000000773500000,0x0000000773f79fd0,0x0000000773f80000)
  to   space 14336K, 0% used [0x0000000779400000,0x0000000779400000,0x000000077a200000)
 ParOldGen       total 81408K, used 8664K [0x00000006c2a00000, 0x00000006c7980000, 0x000000076b900000)
  object space 81408K, 10% used [0x00000006c2a00000,0x00000006c3276178,0x00000006c7980000)
 Metaspace       used 33131K, capacity 35346K, committed 35416K, reserved 1079296K
  class space    used 4449K, capacity 4885K, committed 4952K, reserved 1048576K
Event: 2.487 GC heap after
Heap after GC invocations=7 (full 1):
 PSYoungGen      total 222208K, used 14234K [0x000000076b900000, 0x000000077b000000, 0x00000007c0000000)
  eden space 207872K, 0% used [0x000000076b900000,0x000000076b900000,0x0000000778400000)
  from space 14336K, 99% used [0x0000000779400000,0x000000077a1e6a08,0x000000077a200000)
  to   space 16384K, 0% used [0x0000000778400000,0x0000000778400000,0x0000000779400000)
 ParOldGen       total 81408K, used 8672K [0x00000006c2a00000, 0x00000006c7980000, 0x000000076b900000)
  object space 81408K, 10% used [0x00000006c2a00000,0x00000006c3278178,0x00000006c7980000)
 Metaspace       used 33131K, capacity 35346K, committed 35416K, reserved 1079296K
  class space    used 4449K, capacity 4885K, committed 4952K, reserved 1048576K
}
Event: 2.487 GC heap before
{Heap before GC invocations=8 (full 2):
 PSYoungGen      total 222208K, used 14234K [0x000000076b900000, 0x000000077b000000, 0x00000007c0000000)
  eden space 207872K, 0% used [0x000000076b900000,0x000000076b900000,0x0000000778400000)
  from space 14336K, 99% used [0x0000000779400000,0x000000077a1e6a08,0x000000077a200000)
  to   space 16384K, 0% used [0x0000000778400000,0x0000000778400000,0x0000000779400000)
 ParOldGen       total 81408K, used 8672K [0x00000006c2a00000, 0x00000006c7980000, 0x000000076b900000)
  object space 81408K, 10% used [0x00000006c2a00000,0x00000006c3278178,0x00000006c7980000)
 Metaspace       used 33131K, capacity 35346K, committed 35416K, reserved 1079296K
  class space    used 4449K, capacity 4885K, committed 4952K, reserved 1048576K
Event: 2.516 GC heap after
Heap after GC invocations=8 (full 2):
 PSYoungGen      total 222208K, used 0K [0x000000076b900000, 0x000000077b000000, 0x00000007c0000000)
  eden space 207872K, 0% used [0x000000076b900000,0x000000076b900000,0x0000000778400000)
  from space 14336K, 0% used [0x0000000779400000,0x0000000779400000,0x000000077a200000)
  to   space 16384K, 0% used [0x0000000778400000,0x0000000778400000,0x0000000779400000)
 ParOldGen       total 118272K, used 18970K [0x00000006c2a00000, 0x00000006c9d80000, 0x000000076b900000)
  object space 118272K, 16% used [0x00000006c2a00000,0x00000006c3c86a38,0x00000006c9d80000)
 Metaspace       used 33131K, capacity 35346K, committed 35416K, reserved 1079296K
  class space    used 4449K, capacity 4885K, committed 4952K, reserved 1048576K
}

